<?xml version="1.0" encoding="UTF-8"?>
<robot generator="Robot 7.1 (Python 3.12.6 on win32)" generated="2025-02-27T04:23:07.970957" rpa="false" schemaversion="5">
<suite id="s1" name="AI Library" source="C:\Users\Admin\Robotframework_File\Sample_Project\TestCases\AI_Library.robot">
<test id="s1-t1" name="Create AI assitant to learn Framework" line="14">
<kw name="Create List" owner="BuiltIn">
<msg time="2025-02-27T04:23:09.609856" level="INFO">@{FILE_PATHS} = [ C:\Users\Admin\Robotframework_File\Sample_Project\Locators_POM | C:\Users\Admin\Robotframework_File\Sample_Project\Resources\Common.robot | C:\Users\Admin\Robotframework_File\Sample_Project\TestCase...</msg>
<var>@{FILE_PATHS}</var>
<arg>${EXECDIR}\\Sample_Project\\Locators_POM</arg>
<arg>${EXECDIR}\\Sample_Project\\Resources\\Common.robot</arg>
<arg>${EXECDIR}\\Sample_Project\\TestCases\\Sample.robot</arg>
<doc>Returns a list containing given items.</doc>
<status status="PASS" start="2025-02-27T04:23:09.608612" elapsed="0.001244"/>
</kw>
<kw name="Set Ai Model" owner="RobotFrameworkAI">
<arg>openai</arg>
<doc>Setter for the AI Model argument.
ai_model: str: The AI model to be used, e.g. "openai", "gemini", "copilot", etc. Currently supporting: "openai".
See the RobotFrameworkAI docs for more information about setters.</doc>
<status status="PASS" start="2025-02-27T04:23:09.609856" elapsed="0.776011"/>
</kw>
<kw name="Set Name" owner="RobotFrameworkAI">
<arg>Test Assistant</arg>
<doc>Setter for the Name argument.
name: str: The name to be assigned.
See the RobotFrameworkAI docs for more information about setters.</doc>
<status status="PASS" start="2025-02-27T04:23:10.385867" elapsed="0.000000"/>
</kw>
<kw name="Set Instructions" owner="RobotFrameworkAI">
<arg>This assistant is capable of handling various technical queries.</arg>
<doc>Setter for the Instructions argument.
instructions: str: The instructions to be assigned.
See the RobotFrameworkAI docs for more information about setters.</doc>
<status status="PASS" start="2025-02-27T04:23:10.385867" elapsed="0.000000"/>
</kw>
<kw name="Set Model" owner="RobotFrameworkAI">
<arg>gpt-4o</arg>
<doc>Setter for the Model argument.
model: str: AI model specific. The model of the AI model to be used, e.g., "gpt-3.5-turbo" when using the "openai" AI model.
Default per AI model:
    - "openai" = "gpt-3.5-turbo"
See the RobotFrameworkAI docs for more information about setters.</doc>
<status status="PASS" start="2025-02-27T04:23:10.385867" elapsed="0.000000"/>
</kw>
<kw name="Set Temperature" owner="RobotFrameworkAI">
<arg>1.5</arg>
<doc>Setter for the Temperature argument.
temperature: float: This value determines the creativity of the AI model. Can be anything from 0-2.
Default = 1.
See the RobotFrameworkAI docs for more information about setters.</doc>
<status status="PASS" start="2025-02-27T04:23:10.395982" elapsed="0.000000"/>
</kw>
<kw name="Set Top P" owner="RobotFrameworkAI">
<arg>0.8</arg>
<doc>Setter for the Top P argument.
top_p: float: Similar to temperature. Determines the selection of tokens before selecting one.
The higher the value, the more less likely tokens get added to the selection. Can be anything from 0-2. At 1,
only the top 50% of tokens will be used when selecting a token; at 0, all tokens will be taken into consideration.
Default = 1.
See the RobotFrameworkAI docs for more information about setters.</doc>
<status status="PASS" start="2025-02-27T04:23:10.395982" elapsed="0.000000"/>
</kw>
<kw name="Create Assistant" owner="RobotFrameworkAI">
<msg time="2025-02-27T04:23:11.573596" level="INFO">HTTP Request: POST https://api.openai.com/v1/assistants "HTTP/1.1 200 OK"</msg>
<msg time="2025-02-27T04:23:12.538326" level="INFO">HTTP Request: POST https://api.openai.com/v1/threads "HTTP/1.1 200 OK"</msg>
<msg time="2025-02-27T04:23:12.538326" level="INFO">Request being handled by openai...</msg>
<doc>Creates a new assistant and returns its Id</doc>
<status status="PASS" start="2025-02-27T04:23:10.395982" elapsed="2.142344"/>
</kw>
<kw name="Set Message" owner="RobotFrameworkAI">
<arg>Learn our Framework from the attached files and generate a new Robotframework script with the site specific new dynamic xpaths for the Webpage - "https://demoqa.com/automation-practice-form". Use user defined dynamic keywords like "Input Dynamic Text","Click Dynamic Text","Page should contain Dynamic Element" etc from attached Common.robot file and also generate new keywords as per the website elements. No other explanations needed.Need just the code snippet alone to save the response directly as a robot file</arg>
<doc>Setter for the Message argument.
message: str: The message you want to send to the AI model, e.g., "What is the weather today?".
See the RobotFrameworkAI docs for more information about setters.</doc>
<status status="PASS" start="2025-02-27T04:23:12.538326" elapsed="0.000000"/>
</kw>
<kw name="Send Message" owner="RobotFrameworkAI">
<msg time="2025-02-27T04:23:13.301973" level="INFO">HTTP Request: POST https://api.openai.com/v1/files "HTTP/1.1 200 OK"</msg>
<msg time="2025-02-27T04:23:14.564496" level="INFO">HTTP Request: POST https://api.openai.com/v1/files "HTTP/1.1 200 OK"</msg>
<msg time="2025-02-27T04:23:16.279421" level="INFO">HTTP Request: POST https://api.openai.com/v1/threads/thread_RYMUxtRVDUTfNIkUNwRQaiTi/messages "HTTP/1.1 200 OK"</msg>
<msg time="2025-02-27T04:23:19.857452" level="INFO">HTTP Request: POST https://api.openai.com/v1/threads/thread_RYMUxtRVDUTfNIkUNwRQaiTi/runs "HTTP/1.1 200 OK"</msg>
<msg time="2025-02-27T04:23:20.526665" level="INFO">HTTP Request: GET https://api.openai.com/v1/threads/thread_RYMUxtRVDUTfNIkUNwRQaiTi/runs/run_jnwPM6ujKPqVCn8BXw9TTwEB "HTTP/1.1 200 OK"</msg>
<msg time="2025-02-27T04:23:22.206456" level="INFO">HTTP Request: GET https://api.openai.com/v1/threads/thread_RYMUxtRVDUTfNIkUNwRQaiTi/runs/run_jnwPM6ujKPqVCn8BXw9TTwEB "HTTP/1.1 200 OK"</msg>
<msg time="2025-02-27T04:23:24.020995" level="INFO">HTTP Request: GET https://api.openai.com/v1/threads/thread_RYMUxtRVDUTfNIkUNwRQaiTi/runs/run_jnwPM6ujKPqVCn8BXw9TTwEB "HTTP/1.1 200 OK"</msg>
<msg time="2025-02-27T04:23:26.777627" level="INFO">HTTP Request: GET https://api.openai.com/v1/threads/thread_RYMUxtRVDUTfNIkUNwRQaiTi/runs/run_jnwPM6ujKPqVCn8BXw9TTwEB "HTTP/1.1 200 OK"</msg>
<msg time="2025-02-27T04:23:28.686226" level="INFO">HTTP Request: GET https://api.openai.com/v1/threads/thread_RYMUxtRVDUTfNIkUNwRQaiTi/runs/run_jnwPM6ujKPqVCn8BXw9TTwEB "HTTP/1.1 200 OK"</msg>
<msg time="2025-02-27T04:23:30.418509" level="INFO">HTTP Request: GET https://api.openai.com/v1/threads/thread_RYMUxtRVDUTfNIkUNwRQaiTi/runs/run_jnwPM6ujKPqVCn8BXw9TTwEB "HTTP/1.1 200 OK"</msg>
<msg time="2025-02-27T04:23:32.102929" level="INFO">HTTP Request: GET https://api.openai.com/v1/threads/thread_RYMUxtRVDUTfNIkUNwRQaiTi/runs/run_jnwPM6ujKPqVCn8BXw9TTwEB "HTTP/1.1 200 OK"</msg>
<msg time="2025-02-27T04:23:33.794086" level="INFO">HTTP Request: GET https://api.openai.com/v1/threads/thread_RYMUxtRVDUTfNIkUNwRQaiTi/runs/run_jnwPM6ujKPqVCn8BXw9TTwEB "HTTP/1.1 200 OK"</msg>
<msg time="2025-02-27T04:23:34.399446" level="INFO">HTTP Request: GET https://api.openai.com/v1/threads/thread_RYMUxtRVDUTfNIkUNwRQaiTi/messages?run_id=run_jnwPM6ujKPqVCn8BXw9TTwEB "HTTP/1.1 200 OK"</msg>
<msg time="2025-02-27T04:23:35.236692" level="INFO">HTTP Request: GET https://api.openai.com/v1/threads/thread_RYMUxtRVDUTfNIkUNwRQaiTi/messages?run_id=run_jnwPM6ujKPqVCn8BXw9TTwEB&amp;after=msg_OF2xdXAHge2zV9dQoM2WK5qt "HTTP/1.1 200 OK"</msg>
<msg time="2025-02-27T04:23:35.239480" level="INFO">Request being handled by openai...</msg>
<msg time="2025-02-27T04:23:35.239480" level="INFO">${RESPONSE} = ```robot
*** Settings ***
Library    SeleniumLibrary
Variables  ../Locators_POM/Locators.py
Resource   Common.robot

*** Variables ***
${URL}     https://demoqa.com/automation-practice-form

*** Test ...</msg>
<var>${RESPONSE}</var>
<arg>file_paths=${FILE_PATHS}</arg>
<doc>Sends a prompt to the active assistant and returns its response</doc>
<status status="PASS" start="2025-02-27T04:23:12.538326" elapsed="22.701154"/>
</kw>
<kw name="Sleep" owner="BuiltIn">
<msg time="2025-02-27T04:23:50.240112" level="INFO">Slept 15 seconds.</msg>
<arg>15s</arg>
<doc>Pauses the test executed for the given time.</doc>
<status status="PASS" start="2025-02-27T04:23:35.239480" elapsed="15.000632"/>
</kw>
<kw name="Log" owner="BuiltIn">
<msg time="2025-02-27T04:23:50.242204" level="INFO">```robot
*** Settings ***
Library    SeleniumLibrary
Variables  ../Locators_POM/Locators.py
Resource   Common.robot

*** Variables ***
${URL}     https://demoqa.com/automation-practice-form

*** Test Cases ***
Fill Form with Dynamic XPaths
    Open Browser    ${URL}    Chrome
    Maximize Browser Window
    Input Dynamic Text    //input[@id='firstName']    John
    Input Dynamic Text    //input[@id='lastName']    Doe
    Input Dynamic Text    //input[@id='userEmail']    john.doe@example.com
    Click Dynamic Text    //label[@for='gender-radio-1']
    Input Dynamic Text    //input[@id='userNumber']    1234567890
    Input Dynamic Text    //input[@id='dateOfBirthInput']    01 Jan 2000
    Click Dynamic Text    //label[text()='Reading']
    Input Dynamic Text    //textarea[@id='currentAddress']    123 Main St
    Page Should Contain Dynamic Element    //button[@id='submit']
    Click Dynamic Text    //button[@id='submit']
    [Teardown]    Close Browser

*** Keywords ***
Input Dynamic Text
    [Arguments]    ${xpath}    ${text}
    Wait Until Element Is Visible    ${xpath}
    Input Text    ${xpath}    ${text}

Click Dynamic Text
    [Arguments]    ${xpath}
    Wait Until Element Is Visible    ${xpath}
    Click Element    ${xpath}

Page Should Contain Dynamic Element
    [Arguments]    ${xpath}
    Wait Until Element Is Visible    ${xpath}
    Element Should Be Visible    ${xpath}
```</msg>
<arg>${RESPONSE}</arg>
<doc>Logs the given message with the given level.</doc>
<status status="PASS" start="2025-02-27T04:23:50.240112" elapsed="0.002092"/>
</kw>
<kw name="Create File" owner="OperatingSystem">
<msg time="2025-02-27T04:23:50.244252" level="INFO" html="true">Created file '&lt;a href="file://C:\Users\Admin\Robotframework_File\Sample_Project\TestCases\NewSample3.robot"&gt;C:\Users\Admin\Robotframework_File\Sample_Project\TestCases\NewSample3.robot&lt;/a&gt;'.</msg>
<arg>${EXECDIR}\\Sample_Project\\TestCases\\NewSample3.robot</arg>
<arg>${RESPONSE}</arg>
<doc>Creates a file with the given content and encoding.</doc>
<status status="PASS" start="2025-02-27T04:23:50.242204" elapsed="0.002048"/>
</kw>
<kw name="Log" owner="BuiltIn">
<msg time="2025-02-27T04:23:50.244252" level="INFO">"Generated files saved successfully!"</msg>
<arg>"Generated files saved successfully!"</arg>
<doc>Logs the given message with the given level.</doc>
<status status="PASS" start="2025-02-27T04:23:50.244252" elapsed="0.000000"/>
</kw>
<kw name="Delete Assistant" owner="RobotFrameworkAI">
<msg time="2025-02-27T04:23:53.065501" level="INFO">HTTP Request: DELETE https://api.openai.com/v1/assistants/asst_0G9jRhjbBqUjz5t1FS5yxBVT "HTTP/1.1 200 OK"</msg>
<msg time="2025-02-27T04:23:53.081576" level="INFO">Request being handled by openai...</msg>
<doc>Deletes the active assistant</doc>
<status status="PASS" start="2025-02-27T04:23:50.244252" elapsed="2.837324"/>
</kw>
<tag>GOD</tag>
<status status="PASS" start="2025-02-27T04:23:09.608612" elapsed="43.472964"/>
</test>
<status status="PASS" start="2025-02-27T04:23:07.981544" elapsed="45.100032"/>
</suite>
<statistics>
<total>
<stat pass="1" fail="0" skip="0">All Tests</stat>
</total>
<tag>
<stat pass="1" fail="0" skip="0">GOD</stat>
</tag>
<suite>
<stat pass="1" fail="0" skip="0" id="s1" name="AI Library">AI Library</stat>
</suite>
</statistics>
<errors>
</errors>
</robot>
